<?xml version="1.0" encoding="UTF-8"?>
<!-- Generated by org.testng.reporters.JUnitXMLReporter -->
<testsuite ignored="0" hostname="BVINAYKUMAR" failures="0" tests="5" name="Default test" time="0.556" errors="0" timestamp="2021-08-15T14:13:15 IST">
  <testcase classname="Annotation" name="testMethod" time="0.005"/>
  <testcase classname="Annotation" name="testMethod" time="0.001"/>
  <testcase classname="Annotation" name="testMethod" time="0.001"/>
  <testcase classname="Annotation" name="testMethod" time="0.001"/>
  <testcase classname="Annotation" name="testMethod" time="0.0"/>
</testsuite> <!-- Default test -->
